<?xml version="1.0" encoding="UTF-8"?>
<!-- Generated by org.testng.reporters.JUnitXMLReporter -->
<testsuite hostname="saivignesha" ignored="0" name="Chrome Execution" tests="11" failures="1" timestamp="26 Mar 2019 22:36:23 GMT" time="82.03" errors="0">
  <testcase name="login" time="0.576" classname="FeatureTest.LoginTest"/>
  <testcase name="createNetwork" time="9.878" classname="FeatureTest.LoginTest"/>
  <testcase name="networkNameError" time="4.638" classname="FeatureTest.LoginTest"/>
  <testcase name="ssidNameError" time="4.988" classname="FeatureTest.LoginTest"/>
  <testcase name="blankIpAddrError" time="4.764" classname="FeatureTest.LoginTest"/>
  <testcase name="ipAddrInvalidError" time="4.774" classname="FeatureTest.LoginTest"/>
  <testcase name="sharedSecretError" time="4.646" classname="FeatureTest.LoginTest"/>
  <testcase name="confirmsharedSecretError" time="13.539" classname="FeatureTest.LoginTest"/>
  <testcase name="applyNetworktoAP" time="4.109" classname="FeatureTest.LoginTest"/>
  <testcase name="verifyNetworkNameinAP" time="6.244" classname="FeatureTest.LoginTest">
    <failure type="java.lang.AssertionError" message="expected [true] but found [false]">
      <![CDATA[java.lang.AssertionError: expected [true] but found [false]
	at FeatureTest.LoginTest.verifyNetworkNameinAP(LoginTest.java:153)
... Removed 29 stack frames]]>
    </failure>
  </testcase> <!-- verifyNetworkNameinAP -->
  <testcase name="deleteNetwork" time="11.648" classname="FeatureTest.LoginTest"/>
</testsuite> <!-- Chrome Execution -->
