<?xml version="1.0" encoding="UTF-8"?>
<!-- Generated by org.testng.reporters.JUnitXMLReporter -->
<testsuite hostname="saivignesha" ignored="0" name="Firefox Execution" tests="11" failures="0" timestamp="26 Mar 2019 22:38:47 GMT" time="91.98" errors="0">
  <testcase name="login" time="2.731" classname="FeatureTest.LoginTest"/>
  <testcase name="createNetwork" time="11.407" classname="FeatureTest.LoginTest"/>
  <testcase name="networkNameError" time="5.585" classname="FeatureTest.LoginTest"/>
  <testcase name="ssidNameError" time="5.66" classname="FeatureTest.LoginTest"/>
  <testcase name="blankIpAddrError" time="5.524" classname="FeatureTest.LoginTest"/>
  <testcase name="ipAddrInvalidError" time="5.561" classname="FeatureTest.LoginTest"/>
  <testcase name="sharedSecretError" time="5.341" classname="FeatureTest.LoginTest"/>
  <testcase name="confirmsharedSecretError" time="14.925" classname="FeatureTest.LoginTest"/>
  <testcase name="applyNetworktoAP" time="4.478" classname="FeatureTest.LoginTest"/>
  <testcase name="verifyNetworkNameinAP" time="6.116" classname="FeatureTest.LoginTest"/>
  <testcase name="deleteNetwork" time="11.624" classname="FeatureTest.LoginTest"/>
</testsuite> <!-- Firefox Execution -->
